<?xml version="1.0" encoding="UTF-8"?>
<!-- Generated by org.testng.reporters.JUnitReportReporter -->
<testsuite hostname="LAPTOP-K7LP31JJ" failures="0" tests="1" name="UserRegistrationTest" time="14.035" errors="0" timestamp="2021-02-28T17:06:16 IST" skipped="0">
  <testcase classname="UserRegistrationTest" name="register" time="14.035"/>
  <system-out/>
</testsuite> <!-- UserRegistrationTest -->
