<?xml version="1.0" encoding="UTF-8"?>
<!-- Generated by org.testng.reporters.JUnitReportReporter -->
<testsuite hostname="CHETUIWK1484" failures="0" tests="1" name="testCases.UserLoginTest" time="0.014" errors="0" timestamp="2021-03-10T21:40:23 IST" skipped="0">
  <testcase classname="testCases.UserLoginTest" name="viewUser" time="0.014"/>
  <system-out/>
</testsuite> <!-- testCases.UserLoginTest -->
