<?xml version="1.0" encoding="UTF-8"?>
<!-- Generated by org.testng.reporters.JUnitReportReporter -->
<testsuite hostname="LAPTOP-K7LP31JJ" failures="0" tests="1" name="TestDemo" time="0.010" errors="0" timestamp="2021-02-28T12:07:22 IST" skipped="0">
  <testcase classname="TestDemo" name="a" time="0.010"/>
  <system-out/>
</testsuite> <!-- TestDemo -->
