<?xml version="1.0" encoding="UTF-8"?>
<!-- Generated by org.testng.reporters.JUnitReportReporter -->
<testsuite skipped="0" hostname="CHETUIWK1484" name="UserRegistrationTest" tests="1" failures="0" timestamp="2021-03-09T16:32:43 IST" time="28.363" errors="0">
  <testcase name="register" time="28.363" classname="UserRegistrationTest"/>
  <system-out/>
</testsuite> <!-- UserRegistrationTest -->
